C:\Program Files\Microsoft Visual Studio\2022\Community\MSBuild\Microsoft\VC\v170\Microsoft.CppBuild.targets(531,5): warning MSB8028: The intermediate directory (x64\Debug\) contains files shared from another project (OpenGLProjVS2022.vcxproj).  This can lead to incorrect clean and rebuild behavior.
  glad.c
  Main.cpp
C:\Files and Documents\Downloads\PolygonCube\OpenGLProjVS2022\GraphicsOpenGLAssignment\Main.cpp(75,28): warning C4838: conversion from 'double' to 'GLfloat' requires a narrowing conversion
C:\Files and Documents\Downloads\PolygonCube\OpenGLProjVS2022\GraphicsOpenGLAssignment\Main.cpp(75,28): warning C4244: 'initializing': conversion from 'double' to 'GLfloat', possible loss of data
C:\Files and Documents\Downloads\PolygonCube\OpenGLProjVS2022\GraphicsOpenGLAssignment\Main.cpp(75,40): warning C4838: conversion from 'double' to 'GLfloat' requires a narrowing conversion
C:\Files and Documents\Downloads\PolygonCube\OpenGLProjVS2022\GraphicsOpenGLAssignment\Main.cpp(75,40): warning C4244: 'initializing': conversion from 'double' to 'GLfloat', possible loss of data
C:\Files and Documents\Downloads\PolygonCube\OpenGLProjVS2022\GraphicsOpenGLAssignment\Main.cpp(75,51): warning C4838: conversion from 'double' to 'GLfloat' requires a narrowing conversion
C:\Files and Documents\Downloads\PolygonCube\OpenGLProjVS2022\GraphicsOpenGLAssignment\Main.cpp(75,51): warning C4244: 'initializing': conversion from 'double' to 'GLfloat', possible loss of data
C:\Files and Documents\Downloads\PolygonCube\OpenGLProjVS2022\GraphicsOpenGLAssignment\Main.cpp(110,21): warning C4305: 'argument': truncation from 'double' to 'GLfloat'
C:\Files and Documents\Downloads\PolygonCube\OpenGLProjVS2022\GraphicsOpenGLAssignment\Main.cpp(110,17): warning C4305: 'argument': truncation from 'double' to 'GLfloat'
C:\Files and Documents\Downloads\PolygonCube\OpenGLProjVS2022\GraphicsOpenGLAssignment\Main.cpp(112,18): warning C4305: 'argument': truncation from 'double' to 'GLfloat'
C:\Files and Documents\Downloads\PolygonCube\OpenGLProjVS2022\GraphicsOpenGLAssignment\Main.cpp(116,17): warning C4305: 'argument': truncation from 'double' to 'GLfloat'
C:\Files and Documents\Downloads\PolygonCube\OpenGLProjVS2022\GraphicsOpenGLAssignment\Main.cpp(117,24): warning C4305: 'argument': truncation from 'double' to 'GLfloat'
C:\Files and Documents\Downloads\PolygonCube\OpenGLProjVS2022\GraphicsOpenGLAssignment\Main.cpp(118,18): warning C4305: 'argument': truncation from 'double' to 'GLfloat'
C:\Files and Documents\Downloads\PolygonCube\OpenGLProjVS2022\GraphicsOpenGLAssignment\Main.cpp(123,17): warning C4305: 'argument': truncation from 'double' to 'GLfloat'
C:\Files and Documents\Downloads\PolygonCube\OpenGLProjVS2022\GraphicsOpenGLAssignment\Main.cpp(124,21): warning C4305: 'argument': truncation from 'double' to 'GLfloat'
C:\Files and Documents\Downloads\PolygonCube\OpenGLProjVS2022\GraphicsOpenGLAssignment\Main.cpp(135,18): warning C4305: 'initializing': truncation from 'double' to 'float'
C:\Files and Documents\Downloads\PolygonCube\OpenGLProjVS2022\GraphicsOpenGLAssignment\Main.cpp(137,17): warning C4305: 'initializing': truncation from 'double' to 'float'
C:\Files and Documents\Downloads\PolygonCube\OpenGLProjVS2022\GraphicsOpenGLAssignment\Main.cpp(142,21): warning C4244: 'argument': conversion from 'double' to 'GLfloat', possible loss of data
C:\Files and Documents\Downloads\PolygonCube\OpenGLProjVS2022\GraphicsOpenGLAssignment\Main.cpp(143,25): warning C4305: 'argument': truncation from 'double' to 'GLfloat'
C:\Files and Documents\Downloads\PolygonCube\OpenGLProjVS2022\GraphicsOpenGLAssignment\Main.cpp(144,18): warning C4305: 'argument': truncation from 'double' to 'GLfloat'
C:\Files and Documents\Downloads\PolygonCube\OpenGLProjVS2022\GraphicsOpenGLAssignment\Main.cpp(144,14): warning C4305: 'argument': truncation from 'double' to 'GLfloat'
C:\Files and Documents\Downloads\PolygonCube\OpenGLProjVS2022\GraphicsOpenGLAssignment\Main.cpp(144,10): warning C4305: 'argument': truncation from 'double' to 'GLfloat'
C:\Files and Documents\Downloads\PolygonCube\OpenGLProjVS2022\GraphicsOpenGLAssignment\Main.cpp(149,21): warning C4244: 'argument': conversion from 'double' to 'GLfloat', possible loss of data
C:\Files and Documents\Downloads\PolygonCube\OpenGLProjVS2022\GraphicsOpenGLAssignment\Main.cpp(150,27): warning C4305: 'argument': truncation from 'double' to 'GLfloat'
C:\Files and Documents\Downloads\PolygonCube\OpenGLProjVS2022\GraphicsOpenGLAssignment\Main.cpp(150,18): warning C4305: 'argument': truncation from 'double' to 'GLfloat'
C:\Files and Documents\Downloads\PolygonCube\OpenGLProjVS2022\GraphicsOpenGLAssignment\Main.cpp(151,18): warning C4305: 'argument': truncation from 'double' to 'GLfloat'
C:\Files and Documents\Downloads\PolygonCube\OpenGLProjVS2022\GraphicsOpenGLAssignment\Main.cpp(151,14): warning C4305: 'argument': truncation from 'double' to 'GLfloat'
C:\Files and Documents\Downloads\PolygonCube\OpenGLProjVS2022\GraphicsOpenGLAssignment\Main.cpp(151,10): warning C4305: 'argument': truncation from 'double' to 'GLfloat'
C:\Files and Documents\Downloads\PolygonCube\OpenGLProjVS2022\GraphicsOpenGLAssignment\Main.cpp(156,46): warning C4244: 'argument': conversion from 'double' to 'GLfloat', possible loss of data
C:\Files and Documents\Downloads\PolygonCube\OpenGLProjVS2022\GraphicsOpenGLAssignment\Main.cpp(156,21): warning C4244: 'argument': conversion from 'double' to 'GLfloat', possible loss of data
C:\Files and Documents\Downloads\PolygonCube\OpenGLProjVS2022\GraphicsOpenGLAssignment\Main.cpp(157,25): warning C4305: 'argument': truncation from 'double' to 'GLfloat'
C:\Files and Documents\Downloads\PolygonCube\OpenGLProjVS2022\GraphicsOpenGLAssignment\Main.cpp(158,18): warning C4305: 'argument': truncation from 'double' to 'GLfloat'
C:\Files and Documents\Downloads\PolygonCube\OpenGLProjVS2022\GraphicsOpenGLAssignment\Main.cpp(158,14): warning C4305: 'argument': truncation from 'double' to 'GLfloat'
C:\Files and Documents\Downloads\PolygonCube\OpenGLProjVS2022\GraphicsOpenGLAssignment\Main.cpp(158,10): warning C4305: 'argument': truncation from 'double' to 'GLfloat'
C:\Files and Documents\Downloads\PolygonCube\OpenGLProjVS2022\GraphicsOpenGLAssignment\Main.cpp(163,46): warning C4244: 'argument': conversion from 'double' to 'GLfloat', possible loss of data
C:\Files and Documents\Downloads\PolygonCube\OpenGLProjVS2022\GraphicsOpenGLAssignment\Main.cpp(163,21): warning C4244: 'argument': conversion from 'double' to 'GLfloat', possible loss of data
C:\Files and Documents\Downloads\PolygonCube\OpenGLProjVS2022\GraphicsOpenGLAssignment\Main.cpp(164,27): warning C4305: 'argument': truncation from 'double' to 'GLfloat'
C:\Files and Documents\Downloads\PolygonCube\OpenGLProjVS2022\GraphicsOpenGLAssignment\Main.cpp(164,18): warning C4305: 'argument': truncation from 'double' to 'GLfloat'
C:\Files and Documents\Downloads\PolygonCube\OpenGLProjVS2022\GraphicsOpenGLAssignment\Main.cpp(165,18): warning C4305: 'argument': truncation from 'double' to 'GLfloat'
C:\Files and Documents\Downloads\PolygonCube\OpenGLProjVS2022\GraphicsOpenGLAssignment\Main.cpp(165,14): warning C4305: 'argument': truncation from 'double' to 'GLfloat'
C:\Files and Documents\Downloads\PolygonCube\OpenGLProjVS2022\GraphicsOpenGLAssignment\Main.cpp(165,10): warning C4305: 'argument': truncation from 'double' to 'GLfloat'
C:\Files and Documents\Downloads\PolygonCube\OpenGLProjVS2022\GraphicsOpenGLAssignment\Main.cpp(170,43): warning C4244: 'argument': conversion from 'double' to 'GLfloat', possible loss of data
C:\Files and Documents\Downloads\PolygonCube\OpenGLProjVS2022\GraphicsOpenGLAssignment\Main.cpp(171,27): warning C4305: 'argument': truncation from 'double' to 'GLfloat'
C:\Files and Documents\Downloads\PolygonCube\OpenGLProjVS2022\GraphicsOpenGLAssignment\Main.cpp(171,18): warning C4305: 'argument': truncation from 'double' to 'GLfloat'
C:\Files and Documents\Downloads\PolygonCube\OpenGLProjVS2022\GraphicsOpenGLAssignment\Main.cpp(172,18): warning C4305: 'argument': truncation from 'double' to 'GLfloat'
C:\Files and Documents\Downloads\PolygonCube\OpenGLProjVS2022\GraphicsOpenGLAssignment\Main.cpp(172,14): warning C4305: 'argument': truncation from 'double' to 'GLfloat'
C:\Files and Documents\Downloads\PolygonCube\OpenGLProjVS2022\GraphicsOpenGLAssignment\Main.cpp(172,10): warning C4305: 'argument': truncation from 'double' to 'GLfloat'
C:\Files and Documents\Downloads\PolygonCube\OpenGLProjVS2022\GraphicsOpenGLAssignment\Main.cpp(178,28): warning C4305: 'argument': truncation from 'double' to 'GLfloat'
C:\Files and Documents\Downloads\PolygonCube\OpenGLProjVS2022\GraphicsOpenGLAssignment\Main.cpp(178,18): warning C4305: 'argument': truncation from 'double' to 'GLfloat'
C:\Files and Documents\Downloads\PolygonCube\OpenGLProjVS2022\GraphicsOpenGLAssignment\Main.cpp(179,16): warning C4305: 'argument': truncation from 'double' to 'GLfloat'
C:\Files and Documents\Downloads\PolygonCube\OpenGLProjVS2022\GraphicsOpenGLAssignment\Main.cpp(179,13): warning C4305: 'argument': truncation from 'double' to 'GLfloat'
C:\Files and Documents\Downloads\PolygonCube\OpenGLProjVS2022\GraphicsOpenGLAssignment\Main.cpp(179,10): warning C4305: 'argument': truncation from 'double' to 'GLfloat'
C:\Files and Documents\Downloads\PolygonCube\OpenGLProjVS2022\GraphicsOpenGLAssignment\Main.cpp(184,33): warning C4244: 'argument': conversion from 'double' to 'GLfloat', possible loss of data
C:\Files and Documents\Downloads\PolygonCube\OpenGLProjVS2022\GraphicsOpenGLAssignment\Main.cpp(185,27): warning C4305: 'argument': truncation from 'double' to 'GLfloat'
C:\Files and Documents\Downloads\PolygonCube\OpenGLProjVS2022\GraphicsOpenGLAssignment\Main.cpp(185,18): warning C4305: 'argument': truncation from 'double' to 'GLfloat'
C:\Files and Documents\Downloads\PolygonCube\OpenGLProjVS2022\GraphicsOpenGLAssignment\Main.cpp(186,20): warning C4305: 'argument': truncation from 'double' to 'GLfloat'
C:\Files and Documents\Downloads\PolygonCube\OpenGLProjVS2022\GraphicsOpenGLAssignment\Main.cpp(186,15): warning C4305: 'argument': truncation from 'double' to 'GLfloat'
C:\Files and Documents\Downloads\PolygonCube\OpenGLProjVS2022\GraphicsOpenGLAssignment\Main.cpp(186,10): warning C4305: 'argument': truncation from 'double' to 'GLfloat'
C:\Files and Documents\Downloads\PolygonCube\OpenGLProjVS2022\GraphicsOpenGLAssignment\Main.cpp(191,20): warning C4244: 'argument': conversion from 'double' to 'GLfloat', possible loss of data
C:\Files and Documents\Downloads\PolygonCube\OpenGLProjVS2022\GraphicsOpenGLAssignment\Main.cpp(192,29): warning C4305: 'argument': truncation from 'double' to 'GLfloat'
C:\Files and Documents\Downloads\PolygonCube\OpenGLProjVS2022\GraphicsOpenGLAssignment\Main.cpp(192,23): warning C4305: 'argument': truncation from 'double' to 'GLfloat'
C:\Files and Documents\Downloads\PolygonCube\OpenGLProjVS2022\GraphicsOpenGLAssignment\Main.cpp(192,18): warning C4305: 'argument': truncation from 'double' to 'GLfloat'
C:\Files and Documents\Downloads\PolygonCube\OpenGLProjVS2022\GraphicsOpenGLAssignment\Main.cpp(193,18): warning C4305: 'argument': truncation from 'double' to 'GLfloat'
C:\Files and Documents\Downloads\PolygonCube\OpenGLProjVS2022\GraphicsOpenGLAssignment\Main.cpp(244,21): warning C4305: 'argument': truncation from 'double' to 'GLfloat'
C:\Files and Documents\Downloads\PolygonCube\OpenGLProjVS2022\GraphicsOpenGLAssignment\Main.cpp(245,29): warning C4305: 'argument': truncation from 'double' to 'GLfloat'
C:\Files and Documents\Downloads\PolygonCube\OpenGLProjVS2022\GraphicsOpenGLAssignment\Main.cpp(245,19): warning C4305: 'argument': truncation from 'double' to 'GLfloat'
C:\Files and Documents\Downloads\PolygonCube\OpenGLProjVS2022\GraphicsOpenGLAssignment\Main.cpp(257,24): warning C4305: 'argument': truncation from 'double' to 'GLfloat'
C:\Files and Documents\Downloads\PolygonCube\OpenGLProjVS2022\GraphicsOpenGLAssignment\Main.cpp(257,17): warning C4305: 'argument': truncation from 'double' to 'GLfloat'
C:\Files and Documents\Downloads\PolygonCube\OpenGLProjVS2022\GraphicsOpenGLAssignment\Main.cpp(257,10): warning C4305: 'argument': truncation from 'double' to 'GLfloat'
C:\Files and Documents\Downloads\PolygonCube\OpenGLProjVS2022\GraphicsOpenGLAssignment\Main.cpp(264,23): warning C4305: 'argument': truncation from 'double' to 'GLfloat'
C:\Files and Documents\Downloads\PolygonCube\OpenGLProjVS2022\GraphicsOpenGLAssignment\Main.cpp(264,17): warning C4305: 'argument': truncation from 'double' to 'GLfloat'
C:\Files and Documents\Downloads\PolygonCube\OpenGLProjVS2022\GraphicsOpenGLAssignment\Main.cpp(265,27): warning C4305: 'argument': truncation from 'double' to 'GLfloat'
C:\Files and Documents\Downloads\PolygonCube\OpenGLProjVS2022\GraphicsOpenGLAssignment\Main.cpp(266,24): warning C4305: 'argument': truncation from 'double' to 'GLfloat'
C:\Files and Documents\Downloads\PolygonCube\OpenGLProjVS2022\GraphicsOpenGLAssignment\Main.cpp(266,17): warning C4305: 'argument': truncation from 'double' to 'GLfloat'
C:\Files and Documents\Downloads\PolygonCube\OpenGLProjVS2022\GraphicsOpenGLAssignment\Main.cpp(266,10): warning C4305: 'argument': truncation from 'double' to 'GLfloat'
C:\Files and Documents\Downloads\PolygonCube\OpenGLProjVS2022\GraphicsOpenGLAssignment\Main.cpp(309,25): warning C4305: 'argument': truncation from 'double' to 'GLfloat'
C:\Files and Documents\Downloads\PolygonCube\OpenGLProjVS2022\GraphicsOpenGLAssignment\Main.cpp(352,18): warning C4305: 'argument': truncation from 'double' to 'GLfloat'
C:\Files and Documents\Downloads\PolygonCube\OpenGLProjVS2022\GraphicsOpenGLAssignment\Main.cpp(352,13): warning C4305: 'argument': truncation from 'double' to 'GLfloat'
C:\Files and Documents\Downloads\PolygonCube\OpenGLProjVS2022\GraphicsOpenGLAssignment\Main.cpp(356,26): warning C4305: 'argument': truncation from 'double' to 'GLfloat'
C:\Files and Documents\Downloads\PolygonCube\OpenGLProjVS2022\GraphicsOpenGLAssignment\Main.cpp(356,18): warning C4305: 'argument': truncation from 'double' to 'GLfloat'
C:\Files and Documents\Downloads\PolygonCube\OpenGLProjVS2022\GraphicsOpenGLAssignment\Main.cpp(357,69): warning C4244: 'argument': conversion from 'double' to 'GLfloat', possible loss of data
C:\Files and Documents\Downloads\PolygonCube\OpenGLProjVS2022\GraphicsOpenGLAssignment\Main.cpp(357,48): warning C4244: 'argument': conversion from 'double' to 'GLfloat', possible loss of data
C:\Files and Documents\Downloads\PolygonCube\OpenGLProjVS2022\GraphicsOpenGLAssignment\Main.cpp(364,67): warning C4244: 'argument': conversion from 'double' to 'GLfloat', possible loss of data
C:\Files and Documents\Downloads\PolygonCube\OpenGLProjVS2022\GraphicsOpenGLAssignment\Main.cpp(370,19): warning C4305: 'argument': truncation from 'double' to 'GLfloat'
C:\Files and Documents\Downloads\PolygonCube\OpenGLProjVS2022\GraphicsOpenGLAssignment\Main.cpp(371,67): warning C4244: 'argument': conversion from 'double' to 'GLfloat', possible loss of data
C:\Files and Documents\Downloads\PolygonCube\OpenGLProjVS2022\GraphicsOpenGLAssignment\Main.cpp(384,21): warning C4305: 'argument': truncation from 'double' to 'GLfloat'
C:\Files and Documents\Downloads\PolygonCube\OpenGLProjVS2022\GraphicsOpenGLAssignment\Main.cpp(385,24): warning C4305: 'argument': truncation from 'double' to 'GLfloat'
C:\Files and Documents\Downloads\PolygonCube\OpenGLProjVS2022\GraphicsOpenGLAssignment\Main.cpp(385,19): warning C4305: 'argument': truncation from 'double' to 'GLfloat'
C:\Files and Documents\Downloads\PolygonCube\OpenGLProjVS2022\GraphicsOpenGLAssignment\Main.cpp(397,14): warning C4305: 'argument': truncation from 'double' to 'GLfloat'
C:\Files and Documents\Downloads\PolygonCube\OpenGLProjVS2022\GraphicsOpenGLAssignment\Main.cpp(404,14): warning C4305: 'argument': truncation from 'double' to 'GLfloat'
C:\Files and Documents\Downloads\PolygonCube\OpenGLProjVS2022\GraphicsOpenGLAssignment\Main.cpp(411,19): warning C4305: 'argument': truncation from 'double' to 'GLfloat'
C:\Files and Documents\Downloads\PolygonCube\OpenGLProjVS2022\GraphicsOpenGLAssignment\Main.cpp(411,14): warning C4305: 'argument': truncation from 'double' to 'GLfloat'
C:\Files and Documents\Downloads\PolygonCube\OpenGLProjVS2022\GraphicsOpenGLAssignment\Main.cpp(418,19): warning C4305: 'argument': truncation from 'double' to 'GLfloat'
C:\Files and Documents\Downloads\PolygonCube\OpenGLProjVS2022\GraphicsOpenGLAssignment\Main.cpp(418,14): warning C4305: 'argument': truncation from 'double' to 'GLfloat'
C:\Files and Documents\Downloads\PolygonCube\OpenGLProjVS2022\GraphicsOpenGLAssignment\Main.cpp(425,19): warning C4305: 'argument': truncation from 'double' to 'GLfloat'
C:\Files and Documents\Downloads\PolygonCube\OpenGLProjVS2022\GraphicsOpenGLAssignment\Main.cpp(425,14): warning C4305: 'argument': truncation from 'double' to 'GLfloat'
C:\Files and Documents\Downloads\PolygonCube\OpenGLProjVS2022\GraphicsOpenGLAssignment\Main.cpp(432,19): warning C4305: 'argument': truncation from 'double' to 'GLfloat'
C:\Files and Documents\Downloads\PolygonCube\OpenGLProjVS2022\GraphicsOpenGLAssignment\Main.cpp(432,14): warning C4305: 'argument': truncation from 'double' to 'GLfloat'
C:\Files and Documents\Downloads\PolygonCube\OpenGLProjVS2022\GraphicsOpenGLAssignment\Main.cpp(440,22): warning C4305: 'argument': truncation from 'double' to 'GLfloat'
C:\Files and Documents\Downloads\PolygonCube\OpenGLProjVS2022\GraphicsOpenGLAssignment\Main.cpp(440,14): warning C4305: 'argument': truncation from 'double' to 'GLfloat'
C:\Files and Documents\Downloads\PolygonCube\OpenGLProjVS2022\GraphicsOpenGLAssignment\Main.cpp(447,22): warning C4305: 'argument': truncation from 'double' to 'GLfloat'
C:\Files and Documents\Downloads\PolygonCube\OpenGLProjVS2022\GraphicsOpenGLAssignment\Main.cpp(447,14): warning C4305: 'argument': truncation from 'double' to 'GLfloat'
C:\Files and Documents\Downloads\PolygonCube\OpenGLProjVS2022\GraphicsOpenGLAssignment\Main.cpp(454,22): warning C4305: 'argument': truncation from 'double' to 'GLfloat'
C:\Files and Documents\Downloads\PolygonCube\OpenGLProjVS2022\GraphicsOpenGLAssignment\Main.cpp(454,14): warning C4305: 'argument': truncation from 'double' to 'GLfloat'
C:\Files and Documents\Downloads\PolygonCube\OpenGLProjVS2022\GraphicsOpenGLAssignment\Main.cpp(461,22): warning C4305: 'argument': truncation from 'double' to 'GLfloat'
C:\Files and Documents\Downloads\PolygonCube\OpenGLProjVS2022\GraphicsOpenGLAssignment\Main.cpp(461,14): warning C4305: 'argument': truncation from 'double' to 'GLfloat'
C:\Files and Documents\Downloads\PolygonCube\OpenGLProjVS2022\GraphicsOpenGLAssignment\Main.cpp(484,21): warning C4305: 'argument': truncation from 'double' to 'GLfloat'
C:\Files and Documents\Downloads\PolygonCube\OpenGLProjVS2022\GraphicsOpenGLAssignment\Main.cpp(484,17): warning C4305: 'argument': truncation from 'double' to 'GLfloat'
C:\Files and Documents\Downloads\PolygonCube\OpenGLProjVS2022\GraphicsOpenGLAssignment\Main.cpp(485,30): warning C4305: 'argument': truncation from 'double' to 'GLfloat'
C:\Files and Documents\Downloads\PolygonCube\OpenGLProjVS2022\GraphicsOpenGLAssignment\Main.cpp(485,19): warning C4305: 'argument': truncation from 'double' to 'GLfloat'
C:\Files and Documents\Downloads\PolygonCube\OpenGLProjVS2022\GraphicsOpenGLAssignment\Main.cpp(490,18): warning C4305: 'argument': truncation from 'double' to 'GLfloat'
C:\Files and Documents\Downloads\PolygonCube\OpenGLProjVS2022\GraphicsOpenGLAssignment\Main.cpp(491,21): warning C4305: 'argument': truncation from 'double' to 'GLfloat'
C:\Files and Documents\Downloads\PolygonCube\OpenGLProjVS2022\GraphicsOpenGLAssignment\Main.cpp(492,22): warning C4305: 'argument': truncation from 'double' to 'GLfloat'
C:\Files and Documents\Downloads\PolygonCube\OpenGLProjVS2022\GraphicsOpenGLAssignment\Main.cpp(492,17): warning C4305: 'argument': truncation from 'double' to 'GLfloat'
C:\Files and Documents\Downloads\PolygonCube\OpenGLProjVS2022\GraphicsOpenGLAssignment\Main.cpp(492,10): warning C4305: 'argument': truncation from 'double' to 'GLfloat'
C:\Files and Documents\Downloads\PolygonCube\OpenGLProjVS2022\GraphicsOpenGLAssignment\Main.cpp(496,24): warning C4305: 'argument': truncation from 'double' to 'GLfloat'
C:\Files and Documents\Downloads\PolygonCube\OpenGLProjVS2022\GraphicsOpenGLAssignment\Main.cpp(496,19): warning C4305: 'argument': truncation from 'double' to 'GLfloat'
C:\Files and Documents\Downloads\PolygonCube\OpenGLProjVS2022\GraphicsOpenGLAssignment\Main.cpp(496,14): warning C4305: 'argument': truncation from 'double' to 'GLfloat'
C:\Files and Documents\Downloads\PolygonCube\OpenGLProjVS2022\GraphicsOpenGLAssignment\Main.cpp(497,21): warning C4305: 'argument': truncation from 'double' to 'GLfloat'
C:\Files and Documents\Downloads\PolygonCube\OpenGLProjVS2022\GraphicsOpenGLAssignment\Main.cpp(502,24): warning C4305: 'argument': truncation from 'double' to 'GLfloat'
C:\Files and Documents\Downloads\PolygonCube\OpenGLProjVS2022\GraphicsOpenGLAssignment\Main.cpp(502,19): warning C4305: 'argument': truncation from 'double' to 'GLfloat'
C:\Files and Documents\Downloads\PolygonCube\OpenGLProjVS2022\GraphicsOpenGLAssignment\Main.cpp(502,14): warning C4305: 'argument': truncation from 'double' to 'GLfloat'
C:\Files and Documents\Downloads\PolygonCube\OpenGLProjVS2022\GraphicsOpenGLAssignment\Main.cpp(503,31): warning C4305: 'argument': truncation from 'double' to 'GLfloat'
C:\Files and Documents\Downloads\PolygonCube\OpenGLProjVS2022\GraphicsOpenGLAssignment\Main.cpp(503,24): warning C4305: 'argument': truncation from 'double' to 'GLfloat'
C:\Files and Documents\Downloads\PolygonCube\OpenGLProjVS2022\GraphicsOpenGLAssignment\Main.cpp(503,18): warning C4305: 'argument': truncation from 'double' to 'GLfloat'
C:\Files and Documents\Downloads\PolygonCube\OpenGLProjVS2022\GraphicsOpenGLAssignment\Main.cpp(511,20): warning C4305: 'argument': truncation from 'double' to 'GLfloat'
C:\Files and Documents\Downloads\PolygonCube\OpenGLProjVS2022\GraphicsOpenGLAssignment\Main.cpp(512,24): warning C4305: 'argument': truncation from 'double' to 'GLfloat'
C:\Files and Documents\Downloads\PolygonCube\OpenGLProjVS2022\GraphicsOpenGLAssignment\Main.cpp(512,19): warning C4305: 'argument': truncation from 'double' to 'GLfloat'
C:\Files and Documents\Downloads\PolygonCube\OpenGLProjVS2022\GraphicsOpenGLAssignment\Main.cpp(521,18): warning C4305: 'argument': truncation from 'double' to 'GLfloat'
C:\Files and Documents\Downloads\PolygonCube\OpenGLProjVS2022\GraphicsOpenGLAssignment\Main.cpp(521,14): warning C4305: 'argument': truncation from 'double' to 'GLfloat'
C:\Files and Documents\Downloads\PolygonCube\OpenGLProjVS2022\GraphicsOpenGLAssignment\Main.cpp(521,10): warning C4305: 'argument': truncation from 'double' to 'GLfloat'
C:\Files and Documents\Downloads\PolygonCube\OpenGLProjVS2022\GraphicsOpenGLAssignment\Main.cpp(540,17): warning C4305: 'argument': truncation from 'double' to 'GLfloat'
C:\Files and Documents\Downloads\PolygonCube\OpenGLProjVS2022\GraphicsOpenGLAssignment\Main.cpp(541,21): warning C4305: 'argument': truncation from 'double' to 'GLfloat'
C:\Files and Documents\Downloads\PolygonCube\OpenGLProjVS2022\GraphicsOpenGLAssignment\Main.cpp(549,23): warning C4305: 'argument': truncation from 'double' to 'GLfloat'
C:\Files and Documents\Downloads\PolygonCube\OpenGLProjVS2022\GraphicsOpenGLAssignment\Main.cpp(555,22): warning C4305: 'argument': truncation from 'double' to 'GLfloat'
C:\Files and Documents\Downloads\PolygonCube\OpenGLProjVS2022\GraphicsOpenGLAssignment\Main.cpp(561,23): warning C4305: 'argument': truncation from 'double' to 'GLfloat'
C:\Files and Documents\Downloads\PolygonCube\OpenGLProjVS2022\GraphicsOpenGLAssignment\Main.cpp(567,22): warning C4305: 'argument': truncation from 'double' to 'GLfloat'
C:\Files and Documents\Downloads\PolygonCube\OpenGLProjVS2022\GraphicsOpenGLAssignment\Main.cpp(573,22): warning C4305: 'argument': truncation from 'double' to 'GLfloat'
C:\Files and Documents\Downloads\PolygonCube\OpenGLProjVS2022\GraphicsOpenGLAssignment\Main.cpp(579,21): warning C4305: 'argument': truncation from 'double' to 'GLfloat'
C:\Files and Documents\Downloads\PolygonCube\OpenGLProjVS2022\GraphicsOpenGLAssignment\Main.cpp(585,22): warning C4305: 'argument': truncation from 'double' to 'GLfloat'
C:\Files and Documents\Downloads\PolygonCube\OpenGLProjVS2022\GraphicsOpenGLAssignment\Main.cpp(591,21): warning C4305: 'argument': truncation from 'double' to 'GLfloat'
C:\Files and Documents\Downloads\PolygonCube\OpenGLProjVS2022\GraphicsOpenGLAssignment\Main.cpp(599,24): warning C4305: 'argument': truncation from 'double' to 'GLfloat'
C:\Files and Documents\Downloads\PolygonCube\OpenGLProjVS2022\GraphicsOpenGLAssignment\Main.cpp(599,19): warning C4305: 'argument': truncation from 'double' to 'GLfloat'
C:\Files and Documents\Downloads\PolygonCube\OpenGLProjVS2022\GraphicsOpenGLAssignment\Main.cpp(599,14): warning C4305: 'argument': truncation from 'double' to 'GLfloat'
C:\Files and Documents\Downloads\PolygonCube\OpenGLProjVS2022\GraphicsOpenGLAssignment\Main.cpp(606,23): warning C4305: 'argument': truncation from 'double' to 'GLfloat'
C:\Files and Documents\Downloads\PolygonCube\OpenGLProjVS2022\GraphicsOpenGLAssignment\Main.cpp(606,17): warning C4305: 'argument': truncation from 'double' to 'GLfloat'
C:\Files and Documents\Downloads\PolygonCube\OpenGLProjVS2022\GraphicsOpenGLAssignment\Main.cpp(613,23): warning C4305: 'argument': truncation from 'double' to 'GLfloat'
C:\Files and Documents\Downloads\PolygonCube\OpenGLProjVS2022\GraphicsOpenGLAssignment\Main.cpp(613,14): warning C4305: 'argument': truncation from 'double' to 'GLfloat'
C:\Files and Documents\Downloads\PolygonCube\OpenGLProjVS2022\GraphicsOpenGLAssignment\Main.cpp(615,20): warning C4305: 'argument': truncation from 'double' to 'GLfloat'
C:\Files and Documents\Downloads\PolygonCube\OpenGLProjVS2022\GraphicsOpenGLAssignment\Main.cpp(615,15): warning C4305: 'argument': truncation from 'double' to 'GLfloat'
C:\Files and Documents\Downloads\PolygonCube\OpenGLProjVS2022\GraphicsOpenGLAssignment\Main.cpp(615,10): warning C4305: 'argument': truncation from 'double' to 'GLfloat'
C:\Files and Documents\Downloads\PolygonCube\OpenGLProjVS2022\GraphicsOpenGLAssignment\Main.cpp(620,24): warning C4305: 'argument': truncation from 'double' to 'GLfloat'
C:\Files and Documents\Downloads\PolygonCube\OpenGLProjVS2022\GraphicsOpenGLAssignment\Main.cpp(620,19): warning C4305: 'argument': truncation from 'double' to 'GLfloat'
C:\Files and Documents\Downloads\PolygonCube\OpenGLProjVS2022\GraphicsOpenGLAssignment\Main.cpp(620,14): warning C4305: 'argument': truncation from 'double' to 'GLfloat'
C:\Files and Documents\Downloads\PolygonCube\OpenGLProjVS2022\GraphicsOpenGLAssignment\Main.cpp(622,16): warning C4305: 'argument': truncation from 'double' to 'GLfloat'
C:\Files and Documents\Downloads\PolygonCube\OpenGLProjVS2022\GraphicsOpenGLAssignment\Main.cpp(622,13): warning C4305: 'argument': truncation from 'double' to 'GLfloat'
C:\Files and Documents\Downloads\PolygonCube\OpenGLProjVS2022\GraphicsOpenGLAssignment\Main.cpp(622,10): warning C4305: 'argument': truncation from 'double' to 'GLfloat'
C:\Files and Documents\Downloads\PolygonCube\OpenGLProjVS2022\GraphicsOpenGLAssignment\Main.cpp(627,23): warning C4305: 'argument': truncation from 'double' to 'GLfloat'
C:\Files and Documents\Downloads\PolygonCube\OpenGLProjVS2022\GraphicsOpenGLAssignment\Main.cpp(627,14): warning C4305: 'argument': truncation from 'double' to 'GLfloat'
C:\Files and Documents\Downloads\PolygonCube\OpenGLProjVS2022\GraphicsOpenGLAssignment\Main.cpp(628,19): warning C4305: 'argument': truncation from 'double' to 'GLfloat'
C:\Files and Documents\Downloads\PolygonCube\OpenGLProjVS2022\GraphicsOpenGLAssignment\Main.cpp(629,20): warning C4305: 'argument': truncation from 'double' to 'GLfloat'
C:\Files and Documents\Downloads\PolygonCube\OpenGLProjVS2022\GraphicsOpenGLAssignment\Main.cpp(629,15): warning C4305: 'argument': truncation from 'double' to 'GLfloat'
C:\Files and Documents\Downloads\PolygonCube\OpenGLProjVS2022\GraphicsOpenGLAssignment\Main.cpp(629,10): warning C4305: 'argument': truncation from 'double' to 'GLfloat'
C:\Files and Documents\Downloads\PolygonCube\OpenGLProjVS2022\GraphicsOpenGLAssignment\Main.cpp(640,20): warning C4305: 'argument': truncation from 'double' to 'GLfloat'
C:\Files and Documents\Downloads\PolygonCube\OpenGLProjVS2022\GraphicsOpenGLAssignment\Main.cpp(640,15): warning C4305: 'argument': truncation from 'double' to 'GLfloat'
C:\Files and Documents\Downloads\PolygonCube\OpenGLProjVS2022\GraphicsOpenGLAssignment\Main.cpp(640,10): warning C4305: 'argument': truncation from 'double' to 'GLfloat'
C:\Files and Documents\Downloads\PolygonCube\OpenGLProjVS2022\GraphicsOpenGLAssignment\Main.cpp(648,18): warning C4305: 'argument': truncation from 'double' to 'GLfloat'
C:\Files and Documents\Downloads\PolygonCube\OpenGLProjVS2022\GraphicsOpenGLAssignment\Main.cpp(648,14): warning C4305: 'argument': truncation from 'double' to 'GLfloat'
C:\Files and Documents\Downloads\PolygonCube\OpenGLProjVS2022\GraphicsOpenGLAssignment\Main.cpp(648,10): warning C4305: 'argument': truncation from 'double' to 'GLfloat'
C:\Files and Documents\Downloads\PolygonCube\OpenGLProjVS2022\GraphicsOpenGLAssignment\Main.cpp(656,18): warning C4305: 'argument': truncation from 'double' to 'GLfloat'
C:\Files and Documents\Downloads\PolygonCube\OpenGLProjVS2022\GraphicsOpenGLAssignment\Main.cpp(656,14): warning C4305: 'argument': truncation from 'double' to 'GLfloat'
C:\Files and Documents\Downloads\PolygonCube\OpenGLProjVS2022\GraphicsOpenGLAssignment\Main.cpp(656,10): warning C4305: 'argument': truncation from 'double' to 'GLfloat'
C:\Files and Documents\Downloads\PolygonCube\OpenGLProjVS2022\GraphicsOpenGLAssignment\Main.cpp(664,18): warning C4305: 'argument': truncation from 'double' to 'GLfloat'
C:\Files and Documents\Downloads\PolygonCube\OpenGLProjVS2022\GraphicsOpenGLAssignment\Main.cpp(664,14): warning C4305: 'argument': truncation from 'double' to 'GLfloat'
C:\Files and Documents\Downloads\PolygonCube\OpenGLProjVS2022\GraphicsOpenGLAssignment\Main.cpp(664,10): warning C4305: 'argument': truncation from 'double' to 'GLfloat'
C:\Files and Documents\Downloads\PolygonCube\OpenGLProjVS2022\GraphicsOpenGLAssignment\Main.cpp(672,24): warning C4305: 'argument': truncation from 'double' to 'GLfloat'
C:\Files and Documents\Downloads\PolygonCube\OpenGLProjVS2022\GraphicsOpenGLAssignment\Main.cpp(672,17): warning C4305: 'argument': truncation from 'double' to 'GLfloat'
C:\Files and Documents\Downloads\PolygonCube\OpenGLProjVS2022\GraphicsOpenGLAssignment\Main.cpp(689,25): warning C4305: 'initializing': truncation from 'double' to 'GLfloat'
C:\Files and Documents\Downloads\PolygonCube\OpenGLProjVS2022\GraphicsOpenGLAssignment\Main.cpp(689,30): warning C4305: 'initializing': truncation from 'double' to 'GLfloat'
C:\Files and Documents\Downloads\PolygonCube\OpenGLProjVS2022\GraphicsOpenGLAssignment\Main.cpp(689,35): warning C4305: 'initializing': truncation from 'double' to 'GLfloat'
C:\Files and Documents\Downloads\PolygonCube\OpenGLProjVS2022\GraphicsOpenGLAssignment\Main.cpp(690,25): warning C4305: 'initializing': truncation from 'double' to 'GLfloat'
C:\Files and Documents\Downloads\PolygonCube\OpenGLProjVS2022\GraphicsOpenGLAssignment\Main.cpp(690,32): warning C4305: 'initializing': truncation from 'double' to 'GLfloat'
C:\Files and Documents\Downloads\PolygonCube\OpenGLProjVS2022\GraphicsOpenGLAssignment\Main.cpp(690,39): warning C4305: 'initializing': truncation from 'double' to 'GLfloat'
C:\Files and Documents\Downloads\PolygonCube\OpenGLProjVS2022\GraphicsOpenGLAssignment\Main.cpp(691,26): warning C4305: 'initializing': truncation from 'double' to 'GLfloat'
C:\Files and Documents\Downloads\PolygonCube\OpenGLProjVS2022\GraphicsOpenGLAssignment\Main.cpp(691,30): warning C4305: 'initializing': truncation from 'double' to 'GLfloat'
C:\Files and Documents\Downloads\PolygonCube\OpenGLProjVS2022\GraphicsOpenGLAssignment\Main.cpp(691,34): warning C4305: 'initializing': truncation from 'double' to 'GLfloat'
C:\Files and Documents\Downloads\PolygonCube\OpenGLProjVS2022\GraphicsOpenGLAssignment\Main.cpp(705,20): warning C4805: '==': unsafe mix of type 'GLboolean' and type 'bool' in operation
C:\Files and Documents\Downloads\PolygonCube\OpenGLProjVS2022\GraphicsOpenGLAssignment\Main.cpp(714,20): warning C4805: '==': unsafe mix of type 'GLboolean' and type 'bool' in operation
C:\Files and Documents\Downloads\PolygonCube\OpenGLProjVS2022\GraphicsOpenGLAssignment\Main.cpp(722,21): warning C4805: '==': unsafe mix of type 'GLboolean' and type 'bool' in operation
C:\Files and Documents\Downloads\PolygonCube\OpenGLProjVS2022\GraphicsOpenGLAssignment\Main.cpp(748,20): warning C4805: '==': unsafe mix of type 'GLboolean' and type 'bool' in operation
C:\Files and Documents\Downloads\PolygonCube\OpenGLProjVS2022\GraphicsOpenGLAssignment\Main.cpp(757,20): warning C4805: '==': unsafe mix of type 'GLboolean' and type 'bool' in operation
C:\Files and Documents\Downloads\PolygonCube\OpenGLProjVS2022\GraphicsOpenGLAssignment\Main.cpp(765,21): warning C4805: '==': unsafe mix of type 'GLboolean' and type 'bool' in operation
C:\Files and Documents\Downloads\PolygonCube\OpenGLProjVS2022\GraphicsOpenGLAssignment\Main.cpp(787,20): warning C4805: '==': unsafe mix of type 'GLboolean' and type 'bool' in operation
C:\Files and Documents\Downloads\PolygonCube\OpenGLProjVS2022\GraphicsOpenGLAssignment\Main.cpp(796,20): warning C4805: '==': unsafe mix of type 'GLboolean' and type 'bool' in operation
C:\Files and Documents\Downloads\PolygonCube\OpenGLProjVS2022\GraphicsOpenGLAssignment\Main.cpp(804,21): warning C4805: '==': unsafe mix of type 'GLboolean' and type 'bool' in operation
C:\Files and Documents\Downloads\PolygonCube\OpenGLProjVS2022\GraphicsOpenGLAssignment\Main.cpp(825,26): warning C4838: conversion from 'double' to 'GLfloat' requires a narrowing conversion
C:\Files and Documents\Downloads\PolygonCube\OpenGLProjVS2022\GraphicsOpenGLAssignment\Main.cpp(825,26): warning C4244: 'initializing': conversion from 'double' to 'GLfloat', possible loss of data
C:\Files and Documents\Downloads\PolygonCube\OpenGLProjVS2022\GraphicsOpenGLAssignment\Main.cpp(916,20): warning C4805: '==': unsafe mix of type 'GLboolean' and type 'bool' in operation
C:\Files and Documents\Downloads\PolygonCube\OpenGLProjVS2022\GraphicsOpenGLAssignment\Main.cpp(918,21): warning C4305: '+=': truncation from 'double' to 'GLfloat'
C:\Files and Documents\Downloads\PolygonCube\OpenGLProjVS2022\GraphicsOpenGLAssignment\Main.cpp(920,28): warning C4244: '-=': conversion from 'double' to 'GLfloat', possible loss of data
C:\Files and Documents\Downloads\PolygonCube\OpenGLProjVS2022\GraphicsOpenGLAssignment\Main.cpp(924,20): warning C4805: '==': unsafe mix of type 'GLboolean' and type 'bool' in operation
C:\Files and Documents\Downloads\PolygonCube\OpenGLProjVS2022\GraphicsOpenGLAssignment\Main.cpp(926,21): warning C4305: '+=': truncation from 'double' to 'GLfloat'
C:\Files and Documents\Downloads\PolygonCube\OpenGLProjVS2022\GraphicsOpenGLAssignment\Main.cpp(928,28): warning C4244: '-=': conversion from 'double' to 'GLfloat', possible loss of data
  OpenGLProjVS2022.vcxproj -> C:\Files and Documents\Downloads\PolygonCube\OpenGLProjVS2022\GraphicsOpenGLAssignment\x64\Debug\PolygonCube.exe
